Warning: This is a simple server for use in testing or debugging Angular applications
locally. It hasn't been reviewed for security issues.

Binding this server to an open connection can result in compromising your application or
computer. Using a different host than the one passed to the "--host" flag might result in
websocket connection issues. You might need to use "--disable-host-check" if that's the
case.
- Generating browser application bundles (phase: setup)...
✔ Browser application bundle generation complete.

Initial Chunk Files                             | Names         |      Size
vendor.js                                       | vendor        |   5.31 MB
scripts.js                                      | scripts       |   1.28 MB
main.js                                         | main          | 678.68 kB
styles.css                                      | styles        | 155.09 kB
polyfills.js                                    | polyfills     | 128.58 kB
runtime.js                                      | runtime       |  14.04 kB

| Initial Total |   7.55 MB

Lazy Chunk Files                                | Names         |      Size
node_modules_canvg_lib_index_es_js.js           | -             | 744.49 kB
node_modules_html2canvas_dist_html2canvas_js.js | -             | 436.34 kB
node_modules_dompurify_dist_purify_js.js        | -             |  53.72 kB

Build at: 2021-10-26T12:26:58.903Z - Hash: a10487c480ead44321c4 - Time: 20970ms

Warning: /home/AUCSS/CSS_Portal/node_modules/@babel/runtime-corejs3/core-js/array/from.js depends on 'core-js-pure/features/array/from'. CommonJS or AMD dependencies can cause optimization bailouts.
For more info see: https://angular.io/guide/build#configuring-commonjs-dependencies

Warning: /home/AUCSS/CSS_Portal/node_modules/@babel/runtime-corejs3/core-js/array/is-array.js depends on 'core-js-pure/features/array/is-array'. CommonJS or AMD dependencies can cause optimization bailouts.
For more info see: https://angular.io/guide/build#configuring-commonjs-dependencies

Warning: /home/AUCSS/CSS_Portal/node_modules/@babel/runtime-corejs3/core-js/instance/slice.js depends on 'core-js-pure/features/instance/slice'. CommonJS or AMD dependencies can cause optimization bailouts.
For more info see: https://angular.io/guide/build#configuring-commonjs-dependencies

Warning: /home/AUCSS/CSS_Portal/node_modules/@babel/runtime-corejs3/core-js/object/create.js depends on 'core-js-pure/features/object/create'. CommonJS or AMD dependencies can cause optimization bailouts.
For more info see: https://angular.io/guide/build#configuring-commonjs-dependencies

Warning: /home/AUCSS/CSS_Portal/node_modules/@babel/runtime-corejs3/core-js/object/define-property.js depends on 'core-js-pure/features/object/define-property'. CommonJS or AMD dependencies can cause optimization bailouts.
For more info see: https://angular.io/guide/build#configuring-commonjs-dependencies

Warning: /home/AUCSS/CSS_Portal/node_modules/@babel/runtime-corejs3/core-js/object/get-own-property-descriptor.js depends on 'core-js-pure/features/object/get-own-property-descriptor'. CommonJS or AMD dependencies can cause optimization bailouts.
For more info see: https://angular.io/guide/build#configuring-commonjs-dependencies

Warning: /home/AUCSS/CSS_Portal/node_modules/@babel/runtime-corejs3/core-js/object/get-prototype-of.js depends on 'core-js-pure/features/object/get-prototype-of'. CommonJS or AMD dependencies can cause optimization bailouts.
For more info see: https://angular.io/guide/build#configuring-commonjs-dependencies

Warning: /home/AUCSS/CSS_Portal/node_modules/@babel/runtime-corejs3/core-js/object/set-prototype-of.js depends on 'core-js-pure/features/object/set-prototype-of'. CommonJS or AMD dependencies can cause optimization bailouts.
For more info see: https://angular.io/guide/build#configuring-commonjs-dependencies

Warning: /home/AUCSS/CSS_Portal/node_modules/@babel/runtime-corejs3/core-js/promise.js depends on 'core-js-pure/features/promise'. CommonJS or AMD dependencies can cause optimization bailouts.
For more info see: https://angular.io/guide/build#configuring-commonjs-dependencies

Warning: /home/AUCSS/CSS_Portal/node_modules/@babel/runtime-corejs3/core-js/reflect/get.js depends on 'core-js-pure/features/reflect/get'. CommonJS or AMD dependencies can cause optimization bailouts.
For more info see: https://angular.io/guide/build#configuring-commonjs-dependencies

Warning: /home/AUCSS/CSS_Portal/node_modules/@babel/runtime-corejs3/core-js/symbol.js depends on 'core-js-pure/features/symbol'. CommonJS or AMD dependencies can cause optimization bailouts.
For more info see: https://angular.io/guide/build#configuring-commonjs-dependencies

Warning: /home/AUCSS/CSS_Portal/node_modules/@babel/runtime-corejs3/core-js/symbol/iterator.js depends on 'core-js-pure/features/symbol/iterator'. CommonJS or AMD dependencies can cause optimization bailouts.
For more info see: https://angular.io/guide/build#configuring-commonjs-dependencies

Warning: /home/AUCSS/CSS_Portal/node_modules/canvg/lib/index.es.js depends on 'raf'. CommonJS or AMD dependencies can cause optimization bailouts.
For more info see: https://angular.io/guide/build#configuring-commonjs-dependencies

Warning: /home/AUCSS/CSS_Portal/src/app/_component/inbox/inbox.component.ts depends on 'jspdf-autotable'. CommonJS or AMD dependencies can cause optimization bailouts.
For more info see: https://angular.io/guide/build#configuring-commonjs-dependencies



** Angular Live Development Server is listening on 10.57.8.35:4200, open your browser on http://10.57.8.35:4200/ **


✔ Compiled successfully.
